17:04:27.868 [main] DEBUG - Browser got maximized
17:04:35.311 [main] DEBUG - Browser  got closed
17:07:00.369 [main] DEBUG - Browser got maximized
17:07:02.740 [main] DEBUG - Browser  got closed
17:07:15.059 [main] DEBUG - Browser got maximized
17:07:17.565 [main] DEBUG - Browser  got closed
17:07:18.426 [main] DEBUG - Browser got maximized
17:07:19.475 [main] DEBUG - Browser  got closed
17:09:55.521 [main] DEBUG - Browser got maximized
17:09:58.779 [main] DEBUG - Browser  got closed
17:09:59.606 [main] DEBUG - Browser got maximized
17:10:00.525 [main] DEBUG - Browser  got closed
17:11:46.446 [main] DEBUG - Browser got maximized
17:11:48.729 [main] DEBUG - Browser  got closed
17:13:37.176 [main] DEBUG - Browser got maximized
17:13:39.664 [main] DEBUG - Browser  got closed
17:14:36.275 [main] DEBUG - Browser got maximized
17:14:39.598 [main] DEBUG - Browser  got closed
17:16:29.058 [main] DEBUG - Browser got maximized
17:16:31.483 [main] DEBUG - Browser  got closed
17:17:05.123 [main] DEBUG - Browser got maximized
17:17:07.457 [main] DEBUG - Browser  got closed
17:17:31.798 [main] DEBUG - Browser got maximized
17:17:34.007 [main] DEBUG - Browser  got closed
17:17:43.794 [main] DEBUG - Browser got maximized
17:17:46.837 [main] DEBUG - Browser  got closed
17:17:47.681 [main] DEBUG - Browser got maximized
17:17:48.675 [main] DEBUG - Browser  got closed
17:17:56.607 [main] DEBUG - Browser got maximized
17:17:58.996 [main] DEBUG - Browser  got closed
17:18:46.896 [main] DEBUG - Browser got maximized
17:18:49.298 [main] DEBUG - Browser  got closed
17:20:19.602 [main] DEBUG - Browser got maximized
17:20:21.973 [main] DEBUG - Browser  got closed
17:22:19.092 [main] DEBUG - Browser got maximized
17:22:21.868 [main] DEBUG - Browser  got closed
17:22:47.141 [main] DEBUG - Browser got maximized
17:22:50.454 [main] DEBUG - Browser  got closed
17:22:51.313 [main] DEBUG - Browser got maximized
17:22:52.158 [main] DEBUG - Browser  got closed
17:22:52.978 [main] DEBUG - Browser got maximized
17:22:53.595 [main] DEBUG - Browser  got closed
17:22:54.431 [main] DEBUG - Browser got maximized
17:22:55.359 [main] DEBUG - Browser  got closed
17:22:56.156 [main] DEBUG - Browser got maximized
17:22:56.790 [main] DEBUG - Browser  got closed
17:22:57.594 [main] DEBUG - Browser got maximized
17:22:58.384 [main] DEBUG - Browser  got closed
17:22:59.166 [main] DEBUG - Browser got maximized
17:23:00.050 [main] DEBUG - Browser  got closed
17:23:00.854 [main] DEBUG - Browser got maximized
17:23:04.690 [main] DEBUG - Browser  got closed
17:29:42.010 [main] DEBUG - Browser got maximized
17:29:45.412 [main] DEBUG - Browser  got closed
17:29:46.209 [main] DEBUG - Browser got maximized
17:29:46.952 [main] DEBUG - Browser  got closed
17:29:47.770 [main] DEBUG - Browser got maximized
17:29:48.584 [main] DEBUG - Browser  got closed
17:29:49.376 [main] DEBUG - Browser got maximized
17:29:50.367 [main] DEBUG - Browser  got closed
17:29:51.199 [main] DEBUG - Browser got maximized
17:29:51.907 [main] DEBUG - Browser  got closed
17:29:52.752 [main] DEBUG - Browser got maximized
17:29:53.656 [main] DEBUG - Browser  got closed
17:29:54.446 [main] DEBUG - Browser got maximized
17:29:55.342 [main] DEBUG - Browser  got closed
17:29:56.292 [main] DEBUG - Browser got maximized
17:30:00.104 [main] DEBUG - Browser  got closed
17:31:02.627 [main] DEBUG - Browser got maximized
17:31:04.888 [main] DEBUG - Browser  got closed
17:31:29.131 [main] DEBUG - Browser got maximized
17:31:31.397 [main] DEBUG - Browser  got closed
17:32:22.565 [main] DEBUG - Browser got maximized
17:32:24.850 [main] DEBUG - Browser  got closed
17:35:20.475 [main] DEBUG - Browser got maximized
17:35:24.164 [main] DEBUG - Browser  got closed
17:35:25.011 [main] DEBUG - Browser got maximized
17:35:25.330 [main] DEBUG - Browser  got closed
17:35:26.148 [main] DEBUG - Browser got maximized
17:35:26.954 [main] DEBUG - Browser  got closed
17:35:27.876 [main] DEBUG - Browser got maximized
17:35:29.014 [main] DEBUG - Browser  got closed
17:35:29.843 [main] DEBUG - Browser got maximized
17:35:30.741 [main] DEBUG - Browser  got closed
17:35:31.676 [main] DEBUG - Browser got maximized
17:35:32.447 [main] DEBUG - Browser  got closed
17:35:33.294 [main] DEBUG - Browser got maximized
17:35:34.462 [main] DEBUG - Browser  got closed
17:35:35.244 [main] DEBUG - Browser got maximized
17:35:39.299 [main] DEBUG - Browser  got closed
17:38:57.201 [main] DEBUG - Browser got maximized
17:38:59.618 [main] DEBUG - Browser  got closed
17:42:04.519 [main] DEBUG - Browser got maximized
17:42:07.014 [main] DEBUG - Browser  got closed
17:42:58.952 [main] DEBUG - Browser got maximized
17:43:01.420 [main] DEBUG - Browser  got closed
17:43:34.570 [main] DEBUG - Browser got maximized
17:43:36.940 [main] DEBUG - Browser  got closed
17:44:06.773 [main] DEBUG - Browser got maximized
17:44:09.180 [main] DEBUG - Browser  got closed
17:44:18.941 [main] DEBUG - Browser got maximized
17:44:21.446 [main] DEBUG - Browser  got closed
17:45:40.074 [main] DEBUG - Browser got maximized
17:45:42.606 [main] DEBUG - Browser  got closed
17:47:07.688 [main] DEBUG - Browser got maximized
17:47:13.586 [main] DEBUG - Browser  got closed
17:48:02.123 [main] DEBUG - Browser got maximized
17:48:08.996 [main] DEBUG - Browser  got closed
17:48:56.329 [main] DEBUG - Browser got maximized
17:49:11.372 [main] DEBUG - Browser  got closed
09:05:28.912 [TestNG-PoolService-0] DEBUG - Browser got maximized
09:05:29.429 [TestNG-PoolService-1] DEBUG - Browser got maximized
09:05:29.554 [TestNG-PoolService-6] DEBUG - Browser got maximized
09:05:29.604 [TestNG-PoolService-4] DEBUG - Browser got maximized
09:05:29.731 [TestNG-PoolService-5] DEBUG - Browser got maximized
09:05:29.930 [TestNG-PoolService-8] DEBUG - Browser got maximized
09:05:30.150 [TestNG-PoolService-9] DEBUG - Browser got maximized
09:05:30.237 [TestNG-PoolService-3] DEBUG - Browser got maximized
09:05:31.997 [TestNG-PoolService-2] DEBUG - Browser got maximized
09:05:33.389 [TestNG-PoolService-7] DEBUG - Browser got maximized
09:05:34.357 [TestNG-PoolService-2] DEBUG - Browser  got closed
09:05:34.437 [TestNG-PoolService-8] DEBUG - Browser  got closed
09:07:10.252 [main] DEBUG - Browser got maximized
09:07:10.927 [main] DEBUG - entered emailaddressstandard_user
09:07:11.171 [main] DEBUG - entered passwordsecret_sauce
09:07:11.330 [main] DEBUG - clicked on loginbutton
09:07:11.423 [main] INFO  - login successfully
09:07:13.638 [main] INFO  - Successfully added: Sauce Labs BackpackProduct to cart
09:07:15.881 [main] INFO  - Successfully added: Sauce Labs Fleece JacketProduct to cart
09:07:18.108 [main] INFO  - Successfully added: Sauce Labs Bolt T-ShirtProduct to cart
09:07:20.323 [main] INFO  - Successfully added: Sauce Labs OnesieProduct to cart
09:07:20.402 [main] INFO  - Count Matched
09:07:20.568 [main] INFO  - Clicked and Navigated to Shopping Cart Page
09:07:20.815 [main] INFO  -  QTY count for each item Matched
09:07:20.978 [main] INFO  - Item Removed from CartSauce Labs Fleece Jacket
09:07:21.034 [main] INFO  - Count Matched
09:07:21.200 [main] INFO  - Clicked on Checkout Button
09:07:21.272 [main] DEBUG - entered valid firstname : FirstName
09:07:21.348 [main] DEBUG - entered valid last name : LastName
09:07:21.423 [main] DEBUG - entered valid zipcode : EC1A 9JU
09:07:21.611 [main] DEBUG - Clicked On Continue button
09:07:21.767 [main] INFO  - Item total matches: $53.97
09:07:21.888 [main] INFO  - Tax is correctly applied: $4.32
09:07:22.076 [main] DEBUG - Browser  got closed
09:09:21.240 [main] DEBUG - Browser got maximized
09:09:23.585 [main] DEBUG - Browser  got closed
09:09:24.452 [main] DEBUG - Browser got maximized
09:09:25.341 [main] DEBUG - Browser  got closed
09:09:26.106 [main] DEBUG - Browser got maximized
09:09:26.664 [main] DEBUG - Browser  got closed
09:09:27.382 [main] DEBUG - Browser got maximized
09:09:28.147 [main] DEBUG - Browser  got closed
09:09:28.884 [main] DEBUG - Browser got maximized
09:09:29.490 [main] DEBUG - Browser  got closed
09:09:30.169 [main] DEBUG - Browser got maximized
09:09:30.853 [main] DEBUG - Browser  got closed
09:09:31.588 [main] DEBUG - Browser got maximized
09:09:32.244 [main] DEBUG - Browser  got closed
09:09:33.012 [main] DEBUG - Browser got maximized
09:09:45.711 [main] DEBUG - Browser  got closed
09:09:46.542 [main] DEBUG - Browser got maximized
09:09:47.100 [main] DEBUG - Browser  got closed
09:09:47.850 [main] DEBUG - Browser got maximized
09:09:48.497 [main] DEBUG - entered emailaddressstandard_user
09:09:48.708 [main] DEBUG - entered passwordsecret_sauce
09:09:48.855 [main] DEBUG - clicked on loginbutton
09:09:48.928 [main] INFO  - login successfully
09:09:51.137 [main] INFO  - Successfully added: Sauce Labs BackpackProduct to cart
09:09:53.349 [main] INFO  - Successfully added: Sauce Labs Fleece JacketProduct to cart
09:09:55.556 [main] INFO  - Successfully added: Sauce Labs Bolt T-ShirtProduct to cart
09:09:57.759 [main] INFO  - Successfully added: Sauce Labs OnesieProduct to cart
09:09:57.809 [main] INFO  - Count Matched
09:09:57.956 [main] INFO  - Clicked and Navigated to Shopping Cart Page
09:09:58.149 [main] INFO  -  QTY count for each item Matched
09:09:58.299 [main] INFO  - Item Removed from CartSauce Labs Fleece Jacket
09:09:58.352 [main] INFO  - Count Matched
09:09:58.498 [main] INFO  - Clicked on Checkout Button
09:09:58.605 [main] DEBUG - entered valid firstname : FirstName
09:09:58.677 [main] DEBUG - entered valid last name : LastName
09:09:58.764 [main] DEBUG - entered valid zipcode : EC1A 9JU
09:09:58.983 [main] DEBUG - Clicked On Continue button
09:09:59.100 [main] INFO  - Item total matches: $53.97
09:09:59.212 [main] INFO  - Tax is correctly applied: $4.32
09:09:59.387 [main] DEBUG - Browser  got closed
09:10:59.757 [main] DEBUG - Browser got maximized
09:11:02.125 [main] DEBUG - Browser  got closed
09:11:02.955 [main] DEBUG - Browser got maximized
09:11:03.680 [main] DEBUG - Browser  got closed
09:11:04.433 [main] DEBUG - Browser got maximized
09:11:05.053 [main] DEBUG - Browser  got closed
09:11:05.784 [main] DEBUG - Browser got maximized
09:11:06.540 [main] DEBUG - Browser  got closed
09:11:07.230 [main] DEBUG - Browser got maximized
09:11:07.900 [main] DEBUG - Browser  got closed
09:11:08.665 [main] DEBUG - Browser got maximized
09:11:09.386 [main] DEBUG - Browser  got closed
09:11:10.069 [main] DEBUG - Browser got maximized
09:11:10.813 [main] DEBUG - Browser  got closed
09:11:11.582 [main] DEBUG - Browser got maximized
09:11:24.288 [main] DEBUG - Browser  got closed
09:11:25.060 [main] DEBUG - Browser got maximized
09:11:25.544 [main] DEBUG - Browser  got closed
09:11:26.267 [main] DEBUG - Browser got maximized
09:11:26.932 [main] DEBUG - entered emailaddressstandard_user
09:11:27.182 [main] DEBUG - entered passwordsecret_sauce
09:11:27.317 [main] DEBUG - clicked on loginbutton
09:11:27.387 [main] INFO  - login successfully
09:11:29.574 [main] INFO  - Successfully added: Sauce Labs BackpackProduct to cart
09:11:31.764 [main] INFO  - Successfully added: Sauce Labs Fleece JacketProduct to cart
09:11:33.953 [main] INFO  - Successfully added: Sauce Labs Bolt T-ShirtProduct to cart
09:11:36.159 [main] INFO  - Successfully added: Sauce Labs OnesieProduct to cart
09:11:36.216 [main] INFO  - Count Matched
09:11:36.353 [main] INFO  - Clicked and Navigated to Shopping Cart Page
09:11:36.527 [main] INFO  -  QTY count for each item Matched
09:11:36.692 [main] INFO  - Item Removed from CartSauce Labs Fleece Jacket
09:11:36.746 [main] INFO  - Count Matched
09:11:36.872 [main] INFO  - Clicked on Checkout Button
09:11:36.955 [main] DEBUG - entered valid firstname : FirstName
09:11:37.024 [main] DEBUG - entered valid last name : LastName
09:11:37.086 [main] DEBUG - entered valid zipcode : EC1A 9JU
09:11:37.286 [main] DEBUG - Clicked On Continue button
09:11:37.453 [main] INFO  - Item total matches: $53.97
09:11:37.574 [main] INFO  - Tax is correctly applied: $4.32
09:11:37.734 [main] DEBUG - Browser  got closed
09:15:19.195 [main] DEBUG - Browser got maximized
09:15:21.617 [main] DEBUG - Browser  got closed
09:15:22.463 [main] DEBUG - Browser got maximized
09:15:23.243 [main] DEBUG - Browser  got closed
09:15:23.937 [main] DEBUG - Browser got maximized
09:15:24.488 [main] DEBUG - Browser  got closed
09:15:25.227 [main] DEBUG - Browser got maximized
09:15:26.061 [main] DEBUG - Browser  got closed
09:15:26.806 [main] DEBUG - Browser got maximized
09:15:27.437 [main] DEBUG - Browser  got closed
09:15:28.286 [main] DEBUG - Browser got maximized
09:15:28.982 [main] DEBUG - Browser  got closed
09:15:29.739 [main] DEBUG - Browser got maximized
09:15:30.423 [main] DEBUG - Browser  got closed
09:15:31.122 [main] DEBUG - Browser got maximized
09:15:43.833 [main] DEBUG - Browser  got closed
09:15:44.509 [main] DEBUG - Browser got maximized
09:15:45.507 [main] DEBUG - Browser  got closed
09:15:46.306 [main] DEBUG - Browser got maximized
09:15:46.982 [main] DEBUG - entered emailaddressstandard_user
09:15:47.187 [main] DEBUG - entered passwordsecret_sauce
09:15:47.321 [main] DEBUG - clicked on loginbutton
09:15:47.382 [main] INFO  - login successfully
09:15:49.601 [main] INFO  - Successfully added: Sauce Labs BackpackProduct to cart
09:15:51.824 [main] INFO  - Successfully added: Sauce Labs Fleece JacketProduct to cart
09:15:54.061 [main] INFO  - Successfully added: Sauce Labs Bolt T-ShirtProduct to cart
09:15:56.249 [main] INFO  - Successfully added: Sauce Labs OnesieProduct to cart
09:15:56.306 [main] INFO  - Count Matched
09:15:56.458 [main] INFO  - Clicked and Navigated to Shopping Cart Page
09:15:56.677 [main] INFO  -  QTY count for each item Matched
09:15:56.845 [main] INFO  - Item Removed from CartSauce Labs Fleece Jacket
09:15:56.901 [main] INFO  - Count Matched
09:15:57.052 [main] INFO  - Clicked on Checkout Button
09:15:57.145 [main] DEBUG - entered valid firstname : FirstName
09:15:57.210 [main] DEBUG - entered valid last name : LastName
09:15:57.276 [main] DEBUG - entered valid zipcode : EC1A 9JU
09:15:57.471 [main] DEBUG - Clicked On Continue button
09:15:57.656 [main] INFO  - Item total matches: $53.97
09:15:57.766 [main] INFO  - Tax is correctly applied: $4.32
09:15:57.967 [main] DEBUG - Browser  got closed
09:18:55.927 [main] DEBUG - Browser got maximized
09:18:58.219 [main] DEBUG - Browser  got closed
09:18:59.015 [main] DEBUG - Browser got maximized
09:18:59.785 [main] DEBUG - Browser  got closed
09:19:00.573 [main] DEBUG - Browser got maximized
09:19:01.152 [main] DEBUG - Browser  got closed
09:19:01.875 [main] DEBUG - Browser got maximized
09:19:02.639 [main] DEBUG - Browser  got closed
09:19:03.439 [main] DEBUG - Browser got maximized
09:19:04.063 [main] DEBUG - Browser  got closed
09:19:04.743 [main] DEBUG - Browser got maximized
09:19:05.476 [main] DEBUG - Browser  got closed
09:19:06.204 [main] DEBUG - Browser got maximized
09:19:06.857 [main] DEBUG - Browser  got closed
09:19:07.659 [main] DEBUG - Browser got maximized
09:19:20.397 [main] DEBUG - Browser  got closed
09:19:21.164 [main] DEBUG - Browser got maximized
09:19:21.660 [main] DEBUG - Browser  got closed
09:19:22.335 [main] DEBUG - Browser got maximized
09:19:23.001 [main] DEBUG - entered emailaddressstandard_user
09:19:23.284 [main] DEBUG - entered passwordsecret_sauce
09:19:23.439 [main] DEBUG - clicked on loginbutton
09:19:23.508 [main] INFO  - login successfully
09:19:25.708 [main] INFO  - Successfully added: Sauce Labs BackpackProduct to cart
09:19:27.914 [main] INFO  - Successfully added: Sauce Labs Fleece JacketProduct to cart
09:19:30.118 [main] INFO  - Successfully added: Sauce Labs Bolt T-ShirtProduct to cart
09:19:32.313 [main] INFO  - Successfully added: Sauce Labs OnesieProduct to cart
09:19:32.385 [main] INFO  - Count Matched
09:19:32.532 [main] INFO  - Clicked and Navigated to Shopping Cart Page
09:19:32.710 [main] INFO  -  QTY count for each item Matched
09:19:32.863 [main] INFO  - Item Removed from CartSauce Labs Fleece Jacket
09:19:32.919 [main] INFO  - Count Matched
09:19:33.103 [main] INFO  - Clicked on Checkout Button
09:19:33.191 [main] DEBUG - entered valid firstname : FirstName
09:19:33.286 [main] DEBUG - entered valid last name : LastName
09:19:33.358 [main] DEBUG - entered valid zipcode : EC1A 9JU
09:19:33.579 [main] DEBUG - Clicked On Continue button
09:19:33.762 [main] INFO  - Item total matches: $53.97
09:19:33.867 [main] INFO  - Tax is correctly applied: $4.32
09:19:34.004 [main] DEBUG - Browser  got closed
09:25:54.349 [main] DEBUG - Browser got maximized
09:25:57.409 [main] DEBUG - Browser got maximized
09:25:58.805 [main] DEBUG - Browser got maximized
09:26:00.017 [main] DEBUG - Browser got maximized
09:26:01.649 [main] DEBUG - Browser got maximized
09:26:03.137 [main] DEBUG - Browser got maximized
09:26:04.689 [main] DEBUG - Browser got maximized
09:26:06.296 [main] DEBUG - Browser got maximized
09:26:20.081 [main] DEBUG - Browser got maximized
09:26:22.172 [main] DEBUG - Browser got maximized
09:26:23.167 [main] DEBUG - entered emailaddressstandard_user
09:26:23.431 [main] DEBUG - entered passwordsecret_sauce
09:26:23.599 [main] DEBUG - clicked on loginbutton
09:26:23.690 [main] INFO  - login successfully
09:26:25.909 [main] INFO  - Successfully added: Sauce Labs BackpackProduct to cart
09:26:28.101 [main] INFO  - Successfully added: Sauce Labs Fleece JacketProduct to cart
09:26:30.288 [main] INFO  - Successfully added: Sauce Labs Bolt T-ShirtProduct to cart
09:26:32.465 [main] INFO  - Successfully added: Sauce Labs OnesieProduct to cart
13:03:27.436 [main] DEBUG - Browser got maximized
13:03:32.506 [main] DEBUG - Browser got maximized
13:03:35.055 [main] DEBUG - Browser got maximized
13:03:37.050 [main] DEBUG - Browser got maximized
13:03:39.375 [main] DEBUG - Browser got maximized
13:03:41.505 [main] DEBUG - Browser got maximized
13:03:43.909 [main] DEBUG - Browser got maximized
13:03:46.158 [main] DEBUG - Browser got maximized
17:12:04.967 [main] DEBUG - Browser got maximized
17:12:10.274 [main] DEBUG - Browser got maximized
17:12:13.020 [main] DEBUG - Browser got maximized
17:12:15.148 [main] DEBUG - Browser got maximized
17:12:17.710 [main] DEBUG - Browser got maximized
17:12:19.835 [main] DEBUG - Browser got maximized
17:12:22.185 [main] DEBUG - Browser got maximized
17:12:24.806 [main] DEBUG - Browser got maximized
17:12:39.136 [main] DEBUG - Browser got maximized
17:12:40.999 [main] DEBUG - Browser got maximized
17:12:42.125 [main] DEBUG - entered emailaddressstandard_user
17:12:42.463 [main] DEBUG - entered passwordsecret_sauce
17:12:42.839 [main] DEBUG - clicked on loginbutton
17:12:42.936 [main] INFO  - login successfully
17:12:45.156 [main] INFO  - Successfully added: Sauce Labs BackpackProduct to cart
17:12:47.437 [main] INFO  - Successfully added: Sauce Labs Fleece JacketProduct to cart
17:12:49.628 [main] INFO  - Successfully added: Sauce Labs Bolt T-ShirtProduct to cart
17:12:51.838 [main] INFO  - Successfully added: Sauce Labs OnesieProduct to cart
17:12:52.021 [main] INFO  - Count Matched
17:12:52.233 [main] INFO  - Clicked and Navigated to Shopping Cart Page
17:12:52.546 [main] INFO  -  QTY count for each item Matched
17:12:52.732 [main] INFO  - Item Removed from CartSauce Labs Fleece Jacket
17:12:52.816 [main] INFO  - Count Matched
17:12:53.032 [main] INFO  - Clicked on Checkout Button
17:12:53.174 [main] DEBUG - entered valid firstname : FirstName
17:12:53.323 [main] DEBUG - entered valid last name : LastName
17:12:53.472 [main] DEBUG - entered valid zipcode : EC1A 9JU
17:12:53.689 [main] DEBUG - Clicked On Continue button
17:12:53.923 [main] INFO  - Item total matches: $53.97
17:12:54.071 [main] INFO  - Tax is correctly applied: $4.32
